<?xml version="1.0" encoding="UTF-8"?>
<testsuite name="signInOut.RegistrationTests" tests="8" skipped="0" failures="0" errors="0" timestamp="2020-10-27T12:28:31" hostname="MacBook-Pro-Illa.local" time="35.748">
  <properties/>
  <testcase name="testEmailField[0](12345, 09090909, Invalid email address)" classname="signInOut.RegistrationTests" time="5.186"/>
  <testcase name="testEmailField[1](carat98, 09090909, Invalid email address)" classname="signInOut.RegistrationTests" time="2.429"/>
  <testcase name="testEmailField[2](carat98@, 09090909, Invalid email address)" classname="signInOut.RegistrationTests" time="2.42"/>
  <testcase name="testEmailField[3](@gmail.com, 09090909, Invalid email address)" classname="signInOut.RegistrationTests" time="2.512"/>
  <testcase name="testPasswordField[0](carat98@icloud.com, 0909, 0909, Must be 6 characters or more)" classname="signInOut.RegistrationTests" time="2.75"/>
  <testcase name="testPasswordField[1](carat98@icloud.com, 1234567890123456, 1234567890123456, Must be 15 characters or less)" classname="signInOut.RegistrationTests" time="2.649"/>
  <testcase name="testRegistrationWithEmptyMandatoryFields" classname="signInOut.RegistrationTests" time="2.567"/>
  <testcase name="testRegistrationWithExistingEmail" classname="signInOut.RegistrationTests" time="2.607"/>
  <system-out><![CDATA[]]></system-out>
  <system-err><![CDATA[JavaScript error: , line 0: AbortError: The operation was aborted. 
JavaScript error: , line 0: AbortError: The operation was aborted. 
JavaScript error: , line 0: AbortError: The operation was aborted. 
JavaScript error: , line 0: AbortError: The operation was aborted. 
JavaScript error: , line 0: AbortError: The operation was aborted. 
JavaScript error: , line 0: AbortError: The operation was aborted. 
JavaScript error: , line 0: AbortError: The operation was aborted. 
]]></system-err>
</testsuite>
