<?xml version="1.0" encoding="UTF-8"?>
<testsuite name="signInOut.AuthorizationTests" tests="5" skipped="0" failures="0" errors="0" timestamp="2020-10-23T13:53:14" hostname="MacBook-Pro-Illa.local" time="8.829">
  <properties/>
  <testcase name="testCancelButton" classname="signInOut.AuthorizationTests" time="1.404"/>
  <testcase name="testClearButton" classname="signInOut.AuthorizationTests" time="1.3"/>
  <testcase name="testErrorSignInMessages[0](carat98@icloud.com, 1234567, &quot;Invalid password&quot;)" classname="signInOut.AuthorizationTests" time="1.302"/>
  <testcase name="testErrorSignInMessages[1](i@gmail.com, 1234567, &quot;User not found&quot;)" classname="signInOut.AuthorizationTests" time="1.269"/>
  <testcase name="testLogin" classname="signInOut.AuthorizationTests" time="1.966"/>
  <system-out><![CDATA[]]></system-out>
  <system-err><![CDATA[JavaScript error: , line 0: AbortError: The operation was aborted. 
JavaScript error: , line 0: AbortError: The operation was aborted. 
JavaScript error: , line 0: AbortError: The operation was aborted. 
JavaScript error: , line 0: AbortError: The operation was aborted. 
]]></system-err>
</testsuite>
