<?xml version="1.0" encoding="UTF-8"?>
<testsuite name="signInOut.AuthorizationTests" tests="5" skipped="0" failures="0" errors="0" timestamp="2020-10-24T08:31:47" hostname="MacBook-Pro-Illa.local" time="9.493">
  <properties/>
  <testcase name="testCancelButton" classname="signInOut.AuthorizationTests" time="1.632"/>
  <testcase name="testClearButton" classname="signInOut.AuthorizationTests" time="1.324"/>
  <testcase name="testErrorSignInMessages[0](carat98@icloud.com, 1234567, &quot;Invalid password&quot;)" classname="signInOut.AuthorizationTests" time="1.432"/>
  <testcase name="testErrorSignInMessages[1](i@gmail.com, 1234567, &quot;User not found&quot;)" classname="signInOut.AuthorizationTests" time="1.262"/>
  <testcase name="testLogin" classname="signInOut.AuthorizationTests" time="1.905"/>
  <system-out><![CDATA[]]></system-out>
  <system-err><![CDATA[JavaScript error: , line 0: AbortError: The operation was aborted. 
JavaScript error: , line 0: AbortError: The operation was aborted. 
JavaScript error: , line 0: AbortError: The operation was aborted. 
JavaScript error: , line 0: AbortError: The operation was aborted. 
]]></system-err>
</testsuite>
